[2025-04-23 18:44:29] [update_order_status.php:34] Received request to update order ID: 151 to status: completed
[2025-04-23 18:44:29] [update_order_status.php:47] Order ID: 151 updated successfully to status: completed
[2025-04-23 18:55:30] [update_order_status.php:34] Received request to update order ID: 152 to status: completed
[2025-04-23 18:55:30] [update_order_status.php:47] Order ID: 152 updated successfully to status: completed
[2025-04-23 19:09:37] [update_order_status.php:34] Received request to update order ID: 153 to status: processing
[2025-04-23 19:09:37] [update_order_status.php:47] Order ID: 153 updated successfully to status: processing
[2025-04-24 06:30:25] [update_order_status.php:34] Received request to update order ID: 155 to status: completed
[2025-04-24 06:30:25] [update_order_status.php:47] Order ID: 155 updated successfully to status: completed
[2025-04-25 13:51:06] [update_order_status.php:34] Received request to update order ID: 156 to status: processing
[2025-04-25 13:51:06] [update_order_status.php:47] Order ID: 156 updated successfully to status: processing
[2025-04-26 05:10:54] [update_order_status.php:34] Received request to update order ID: 158 to status: processing
[2025-04-26 05:10:54] [update_order_status.php:47] Order ID: 158 updated successfully to status: processing
[2025-04-26 05:13:12] [update_order_status.php:34] Received request to update order ID: 158 to status: completed
[2025-04-26 05:13:12] [update_order_status.php:47] Order ID: 158 updated successfully to status: completed
[2025-04-26 05:30:58] [update_order_status.php:34] Received request to update order ID: 159 to status: processing
[2025-04-26 05:30:58] [update_order_status.php:47] Order ID: 159 updated successfully to status: processing
[2025-04-26 05:36:00] [update_order_status.php:34] Received request to update order ID: 160 to status: completed
[2025-04-26 05:36:00] [update_order_status.php:47] Order ID: 160 updated successfully to status: completed
[2025-04-26 05:36:05] [update_order_status.php:34] Received request to update order ID: 159 to status: completed
[2025-04-26 05:36:05] [update_order_status.php:47] Order ID: 159 updated successfully to status: completed
[2025-04-26 05:36:24] [update_order_status.php:34] Received request to update order ID: 160 to status: cancelled
[2025-04-26 05:36:24] [update_order_status.php:47] Order ID: 160 updated successfully to status: cancelled
